<!DOCTYPE html PUBLIC "-//W3C//DTD XHTML 1.1//EN" "http://www.w3.org/TR/xhtml11/DTD/xhtml11.dtd">
<html xmlns="http://www.w3.org/1999/xhtml">
<head>
<meta http-equiv="content-type" content="text/html; charset=UTF-8"/>
<title>TestNG Report</title>
<style type="text/css">table {margin-bottom:10px;border-collapse:collapse;empty-cells:show}th,td {border:1px solid #009;padding:.25em .5em}th {vertical-align:bottom}td {vertical-align:top}table a {font-weight:bold}.stripe td {background-color: #E6EBF9}.num {text-align:right}.passedodd td {background-color: #3F3}.passedeven td {background-color: #0A0}.skippedodd td {background-color: #DDD}.skippedeven td {background-color: #CCC}.failedodd td,.attn {background-color: #F33}.failedeven td,.stripe .attn {background-color: #D00}.stacktrace {white-space:pre;font-family:monospace}.totop {font-size:85%;text-align:center;border-bottom:2px solid #000}.invisible {display:none}</style>
</head>
<body>
<table>
<tr><th>Test</th><th># Passed</th><th># Skipped</th><th># Retried</th><th># Failed</th><th>Time (ms)</th><th>Included Groups</th><th>Excluded Groups</th></tr>
<tr><th colspan="7">Suite</th></tr>
<tr><td><a href="#t0">Validating User login</a></td><td class="num">3</td><td class="num">0</td><td class="num">0</td><td class="num attn">1</td><td class="num">22,644</td><td></td><td></td></tr>
<tr class="stripe"><td><a href="#t1">Validating landing page</a></td><td class="num">5</td><td class="num">0</td><td class="num">0</td><td class="num">0</td><td class="num">54,432</td><td></td><td></td></tr>
<tr><td><a href="#t2">validating signedup page</a></td><td class="num">10</td><td class="num">0</td><td class="num">0</td><td class="num attn">4</td><td class="num">131,969</td><td></td><td></td></tr>
<tr><th>Total</th><th class="num">18</th><th class="num">0</th><th class="num">0</th><th class="num attn">5</th><th class="num">209,045</th><th colspan="2"></th></tr>
</table>
<table id='summary'><thead><tr><th>Class</th><th>Method</th><th>Start</th><th>Time (ms)</th></tr></thead><tbody><tr><th colspan="4">Suite</th></tr></tbody><tbody id="t0"><tr><th colspan="4">Validating User login &#8212; failed</th></tr><tr class="failedeven"><td rowspan="1">AllTests.LoginTest</td><td><a href="#m0">validateLoginField</a></td><td rowspan="1">1581073906688</td><td rowspan="1">13</td></tr><tr><th colspan="4">Validating User login &#8212; passed</th></tr><tr class="passedeven"><td rowspan="3">AllTests.LoginTest</td><td><a href="#m1">validateLoginField</a></td><td rowspan="3">1581073909045</td><td rowspan="3">3160</td></tr><tr class="passedeven"><td><a href="#m2">validateLoginField</a></td></tr><tr class="passedeven"><td><a href="#m3">validateLoginField</a></td></tr></tbody>
<tbody id="t1"><tr><th colspan="4">Validating landing page &#8212; passed</th></tr><tr class="passedeven"><td rowspan="5">AllTests.LandingLoginPageTest</td><td><a href="#m4">signedUpRedirectedPage</a></td><td rowspan="1">1581073933746</td><td rowspan="1">35658</td></tr><tr class="passedeven"><td><a href="#m5">validateTitleofLandingPage</a></td><td rowspan="1">1581073923258</td><td rowspan="1">10</td></tr><tr class="passedeven"><td><a href="#m6">verifyElementsOfLandingPage</a></td><td rowspan="1">1581073924720</td><td rowspan="1">269</td></tr><tr class="passedeven"><td><a href="#m7">verifyRedirectedContactUsPage</a></td><td rowspan="1">1581073925592</td><td rowspan="1">6513</td></tr><tr class="passedeven"><td><a href="#m8">verifyRedirectedWebservicePage</a></td><td rowspan="1">1581073932605</td><td rowspan="1">593</td></tr></tbody>
<tbody id="t2"><tr><th colspan="4">validating signedup page &#8212; failed</th></tr><tr class="failedeven"><td rowspan="4">AllTests.SignedUpTest</td><td><a href="#m9">validateToAllFields</a></td><td rowspan="3">1581074013739</td><td rowspan="3">2219</td></tr><tr class="failedeven"><td><a href="#m10">validateToAllFields</a></td></tr><tr class="failedeven"><td><a href="#m11">validateToAllFields</a></td></tr><tr class="failedeven"><td><a href="#m12">verifyAllSpecifiedFieldsOnSignedUpPage</a></td><td rowspan="1">1581074091346</td><td rowspan="1">10047</td></tr><tr><th colspan="4">validating signedup page &#8212; passed</th></tr><tr class="passedeven"><td rowspan="10">AllTests.SignedUpTest</td><td><a href="#m13">validateTitleofSignedUpPage</a></td><td rowspan="1">1581073977739</td><td rowspan="1">26691</td></tr><tr class="passedeven"><td><a href="#m14">validateToAllFields</a></td><td rowspan="9">1581074036731</td><td rowspan="9">3647</td></tr><tr class="passedeven"><td><a href="#m15">validateToAllFields</a></td></tr><tr class="passedeven"><td><a href="#m16">validateToAllFields</a></td></tr><tr class="passedeven"><td><a href="#m17">validateToAllFields</a></td></tr><tr class="passedeven"><td><a href="#m18">validateToAllFields</a></td></tr><tr class="passedeven"><td><a href="#m19">validateToAllFields</a></td></tr><tr class="passedeven"><td><a href="#m20">validateToAllFields</a></td></tr><tr class="passedeven"><td><a href="#m21">validateToAllFields</a></td></tr><tr class="passedeven"><td><a href="#m22">validateToAllFields</a></td></tr></tbody>
</table>
<h2>Validating User login</h2><h3 id="m0">AllTests.LoginTest#validateLoginField</h3><table class="result"><tr class="param"><th>Parameter #1</th><th>Parameter #2</th></tr><tr class="param stripe"><td>null</td><td>null</td></tr><tr><th colspan="2">Exception</th></tr><tr><td colspan="2"><div class="stacktrace">java.lang.NullPointerException
	at AllTests.LoginTest.validateLoginField(LoginTest.java:52)
	at java.base/java.util.ArrayList.forEach(ArrayList.java:1540)
... Removed 27 stack frames</div></td></tr></table><p class="totop"><a href="#summary">back to summary</a></p>
<h3 id="m1">AllTests.LoginTest#validateLoginField</h3><table class="result"><tr class="param"><th>Parameter #1</th><th>Parameter #2</th></tr><tr class="param stripe"><td>invalid.email@gmail.con</td><td>invalid</td></tr></table><p class="totop"><a href="#summary">back to summary</a></p>
<h3 id="m2">AllTests.LoginTest#validateLoginField</h3><table class="result"><tr class="param"><th>Parameter #1</th><th>Parameter #2</th></tr><tr class="param stripe"><td>john.smith@gmail.com</td><td>john</td></tr></table><p class="totop"><a href="#summary">back to summary</a></p>
<h3 id="m3">AllTests.LoginTest#validateLoginField</h3><table class="result"><tr class="param"><th>Parameter #1</th><th>Parameter #2</th></tr><tr class="param stripe"><td>  </td><td>  </td></tr></table><p class="totop"><a href="#summary">back to summary</a></p>
<h2>Validating landing page</h2><h3 id="m4">AllTests.LandingLoginPageTest#signedUpRedirectedPage</h3><table class="result"><tr><th class="invisible"/></tr></table><p class="totop"><a href="#summary">back to summary</a></p>
<h3 id="m5">AllTests.LandingLoginPageTest#validateTitleofLandingPage</h3><table class="result"><tr><th class="invisible"/></tr></table><p class="totop"><a href="#summary">back to summary</a></p>
<h3 id="m6">AllTests.LandingLoginPageTest#verifyElementsOfLandingPage</h3><table class="result"><tr><th class="invisible"/></tr></table><p class="totop"><a href="#summary">back to summary</a></p>
<h3 id="m7">AllTests.LandingLoginPageTest#verifyRedirectedContactUsPage</h3><table class="result"><tr><th class="invisible"/></tr></table><p class="totop"><a href="#summary">back to summary</a></p>
<h3 id="m8">AllTests.LandingLoginPageTest#verifyRedirectedWebservicePage</h3><table class="result"><tr><th class="invisible"/></tr></table><p class="totop"><a href="#summary">back to summary</a></p>
<h2>validating signedup page</h2><h3 id="m9">AllTests.SignedUpTest#validateToAllFields</h3><table class="result"><tr class="param"><th>Parameter #1</th><th>Parameter #2</th><th>Parameter #3</th><th>Parameter #4</th><th>Parameter #5</th><th>Parameter #6</th><th>Parameter #7</th><th>Parameter #8</th></tr><tr class="param stripe"><td>null</td><td>null</td><td>null</td><td>null</td><td>null</td><td>null</td><td>null</td><td>null</td></tr><tr><th colspan="8">Exception</th></tr><tr><td colspan="8"><div class="stacktrace">java.lang.NullPointerException
	at AllTests.SignedUpTest.validateToAllFields(SignedUpTest.java:113)
	at java.base/java.util.ArrayList.forEach(ArrayList.java:1540)
... Removed 27 stack frames</div></td></tr></table><p class="totop"><a href="#summary">back to summary</a></p>
<h3 id="m10">AllTests.SignedUpTest#validateToAllFields</h3><table class="result"><tr class="param"><th>Parameter #1</th><th>Parameter #2</th><th>Parameter #3</th><th>Parameter #4</th><th>Parameter #5</th><th>Parameter #6</th><th>Parameter #7</th><th>Parameter #8</th></tr><tr class="param stripe"><td>jannatul</td><td>ferdousi</td><td>jannatul.janafer@gmail.com</td><td>12th Flour</td><td>city11</td><td>New York</td><td>123456</td><td>123456</td></tr><tr><th colspan="8">Exception</th></tr><tr><td colspan="8"><div class="stacktrace">org.openqa.selenium.NoSuchElementException: no such element: Unable to locate element: {&quot;method&quot;:&quot;css selector&quot;,&quot;selector&quot;:&quot;#signup\:continue&quot;}
  (Session info: chrome=79.0.3945.130)
For documentation on this error, please visit: https://www.seleniumhq.org/exceptions/no_such_element.html
Build info: version: &apos;3.141.59&apos;, revision: &apos;e82be7d358&apos;, time: &apos;2018-11-14T08:17:03&apos;
System info: host: &apos;BM42806Q2&apos;, ip: &apos;10.168.125.160&apos;, os.name: &apos;Windows 10&apos;, os.arch: &apos;amd64&apos;, os.version: &apos;10.0&apos;, java.version: &apos;12.0.2&apos;
Driver info: org.openqa.selenium.chrome.ChromeDriver
Capabilities {acceptInsecureCerts: false, browserName: chrome, browserVersion: 79.0.3945.130, chrome: {chromedriverVersion: 79.0.3945.36 (3582db32b3389..., userDataDir: C:\Users\703177~1.IND\AppDa...}, goog:chromeOptions: {debuggerAddress: localhost:54761}, javascriptEnabled: true, networkConnectionEnabled: false, pageLoadStrategy: normal, platform: WINDOWS, platformName: WINDOWS, proxy: Proxy(), setWindowRect: true, strictFileInteractability: false, timeouts: {implicit: 0, pageLoad: 300000, script: 30000}, unhandledPromptBehavior: dismiss and notify}
Session ID: e68293aafcae034ac40188a51841c050
*** Element info: {Using=id, value=signup:continue}
	at org.openqa.selenium.remote.http.W3CHttpResponseCodec.createException(W3CHttpResponseCodec.java:187)
	at org.openqa.selenium.remote.http.W3CHttpResponseCodec.decode(W3CHttpResponseCodec.java:122)
	at org.openqa.selenium.remote.http.W3CHttpResponseCodec.decode(W3CHttpResponseCodec.java:49)
	at org.openqa.selenium.remote.HttpCommandExecutor.execute(HttpCommandExecutor.java:158)
	at org.openqa.selenium.remote.service.DriverCommandExecutor.execute(DriverCommandExecutor.java:83)
	at org.openqa.selenium.remote.RemoteWebDriver.execute(RemoteWebDriver.java:552)
	at org.openqa.selenium.remote.RemoteWebDriver.findElement(RemoteWebDriver.java:323)
	at org.openqa.selenium.remote.RemoteWebDriver.findElementById(RemoteWebDriver.java:372)
	at org.openqa.selenium.By$ById.findElement(By.java:188)
	at org.openqa.selenium.remote.RemoteWebDriver.findElement(RemoteWebDriver.java:315)
	at PageObjects.SignedUpPage.getContinue(SignedUpPage.java:79)
	at AllTests.SignedUpTest.emailAlreadyRegisteredValidation(SignedUpTest.java:265)
	at AllTests.SignedUpTest.allvalidation(SignedUpTest.java:248)
	at AllTests.SignedUpTest.validateToAllFields(SignedUpTest.java:200)
	at java.base/java.util.ArrayList.forEach(ArrayList.java:1540)
... Removed 32 stack frames</div></td></tr></table><p class="totop"><a href="#summary">back to summary</a></p>
<h3 id="m11">AllTests.SignedUpTest#validateToAllFields</h3><table class="result"><tr class="param"><th>Parameter #1</th><th>Parameter #2</th><th>Parameter #3</th><th>Parameter #4</th><th>Parameter #5</th><th>Parameter #6</th><th>Parameter #7</th><th>Parameter #8</th></tr><tr class="param stripe"><td>jannatul</td><td>ferdousi</td><td>ja.jj6@gmail.com</td><td>13th Flour</td><td>city12</td><td>New York</td><td>1234</td><td>1234</td></tr><tr><th colspan="8">Exception</th></tr><tr><td colspan="8"><div class="stacktrace">org.openqa.selenium.NoSuchElementException: no such element: Unable to locate element: {&quot;method&quot;:&quot;xpath&quot;,&quot;selector&quot;:&quot;//*[@id=&quot;signup&quot;]/fieldset/div[4]/span&quot;}
  (Session info: chrome=79.0.3945.130)
For documentation on this error, please visit: https://www.seleniumhq.org/exceptions/no_such_element.html
Build info: version: &apos;3.141.59&apos;, revision: &apos;e82be7d358&apos;, time: &apos;2018-11-14T08:17:03&apos;
System info: host: &apos;BM42806Q2&apos;, ip: &apos;10.168.125.160&apos;, os.name: &apos;Windows 10&apos;, os.arch: &apos;amd64&apos;, os.version: &apos;10.0&apos;, java.version: &apos;12.0.2&apos;
Driver info: org.openqa.selenium.chrome.ChromeDriver
Capabilities {acceptInsecureCerts: false, browserName: chrome, browserVersion: 79.0.3945.130, chrome: {chromedriverVersion: 79.0.3945.36 (3582db32b3389..., userDataDir: C:\Users\703177~1.IND\AppDa...}, goog:chromeOptions: {debuggerAddress: localhost:54761}, javascriptEnabled: true, networkConnectionEnabled: false, pageLoadStrategy: normal, platform: WINDOWS, platformName: WINDOWS, proxy: Proxy(), setWindowRect: true, strictFileInteractability: false, timeouts: {implicit: 0, pageLoad: 300000, script: 30000}, unhandledPromptBehavior: dismiss and notify}
Session ID: e68293aafcae034ac40188a51841c050
*** Element info: {Using=xpath, value=//*[@id=&quot;signup&quot;]/fieldset/div[4]/span}
	at org.openqa.selenium.remote.http.W3CHttpResponseCodec.createException(W3CHttpResponseCodec.java:187)
	at org.openqa.selenium.remote.http.W3CHttpResponseCodec.decode(W3CHttpResponseCodec.java:122)
	at org.openqa.selenium.remote.http.W3CHttpResponseCodec.decode(W3CHttpResponseCodec.java:49)
	at org.openqa.selenium.remote.HttpCommandExecutor.execute(HttpCommandExecutor.java:158)
	at org.openqa.selenium.remote.service.DriverCommandExecutor.execute(DriverCommandExecutor.java:83)
	at org.openqa.selenium.remote.RemoteWebDriver.execute(RemoteWebDriver.java:552)
	at org.openqa.selenium.remote.RemoteWebDriver.findElement(RemoteWebDriver.java:323)
	at org.openqa.selenium.remote.RemoteWebDriver.findElementByXPath(RemoteWebDriver.java:428)
	at org.openqa.selenium.By$ByXPath.findElement(By.java:353)
	at org.openqa.selenium.remote.RemoteWebDriver.findElement(RemoteWebDriver.java:315)
	at PageObjects.SignedUpPage.getEmailAddressRequred(SignedUpPage.java:42)
	at AllTests.SignedUpTest.allvalidation(SignedUpTest.java:247)
	at AllTests.SignedUpTest.validateToAllFields(SignedUpTest.java:200)
	at java.base/java.util.ArrayList.forEach(ArrayList.java:1540)
... Removed 32 stack frames</div></td></tr></table><p class="totop"><a href="#summary">back to summary</a></p>
<h3 id="m12">AllTests.SignedUpTest#verifyAllSpecifiedFieldsOnSignedUpPage</h3><table class="result"><tr><th>Exception</th></tr><tr><td><div class="stacktrace">org.openqa.selenium.NoSuchElementException: no such element: Unable to locate element: {&quot;method&quot;:&quot;css selector&quot;,&quot;selector&quot;:&quot;#login\-form\:signup&quot;}
  (Session info: chrome=79.0.3945.130)
For documentation on this error, please visit: https://www.seleniumhq.org/exceptions/no_such_element.html
Build info: version: &apos;3.141.59&apos;, revision: &apos;e82be7d358&apos;, time: &apos;2018-11-14T08:17:03&apos;
System info: host: &apos;BM42806Q2&apos;, ip: &apos;10.168.125.160&apos;, os.name: &apos;Windows 10&apos;, os.arch: &apos;amd64&apos;, os.version: &apos;10.0&apos;, java.version: &apos;12.0.2&apos;
Driver info: org.openqa.selenium.chrome.ChromeDriver
Capabilities {acceptInsecureCerts: false, browserName: chrome, browserVersion: 79.0.3945.130, chrome: {chromedriverVersion: 79.0.3945.36 (3582db32b3389..., userDataDir: C:\Users\703177~1.IND\AppDa...}, goog:chromeOptions: {debuggerAddress: localhost:54761}, javascriptEnabled: true, networkConnectionEnabled: false, pageLoadStrategy: normal, platform: WINDOWS, platformName: WINDOWS, proxy: Proxy(), setWindowRect: true, strictFileInteractability: false, timeouts: {implicit: 0, pageLoad: 300000, script: 30000}, unhandledPromptBehavior: dismiss and notify}
Session ID: e68293aafcae034ac40188a51841c050
*** Element info: {Using=id, value=login-form:signup}
	at org.openqa.selenium.remote.http.W3CHttpResponseCodec.createException(W3CHttpResponseCodec.java:187)
	at org.openqa.selenium.remote.http.W3CHttpResponseCodec.decode(W3CHttpResponseCodec.java:122)
	at org.openqa.selenium.remote.http.W3CHttpResponseCodec.decode(W3CHttpResponseCodec.java:49)
	at org.openqa.selenium.remote.HttpCommandExecutor.execute(HttpCommandExecutor.java:158)
	at org.openqa.selenium.remote.service.DriverCommandExecutor.execute(DriverCommandExecutor.java:83)
	at org.openqa.selenium.remote.RemoteWebDriver.execute(RemoteWebDriver.java:552)
	at org.openqa.selenium.remote.RemoteWebDriver.findElement(RemoteWebDriver.java:323)
	at org.openqa.selenium.remote.RemoteWebDriver.findElementById(RemoteWebDriver.java:372)
	at org.openqa.selenium.By$ById.findElement(By.java:188)
	at org.openqa.selenium.remote.RemoteWebDriver.findElement(RemoteWebDriver.java:315)
	at PageObjects.LandingOrLoginPage.getSignup(LandingOrLoginPage.java:76)
	at AllTests.SignedUpTest.verifyAllSpecifiedFieldsOnSignedUpPage(SignedUpTest.java:60)
	at java.base/java.util.ArrayList.forEach(ArrayList.java:1540)
... Removed 32 stack frames</div></td></tr></table><p class="totop"><a href="#summary">back to summary</a></p>
<h3 id="m13">AllTests.SignedUpTest#validateTitleofSignedUpPage</h3><table class="result"><tr><th class="invisible"/></tr></table><p class="totop"><a href="#summary">back to summary</a></p>
<h3 id="m14">AllTests.SignedUpTest#validateToAllFields</h3><table class="result"><tr class="param"><th>Parameter #1</th><th>Parameter #2</th><th>Parameter #3</th><th>Parameter #4</th><th>Parameter #5</th><th>Parameter #6</th><th>Parameter #7</th><th>Parameter #8</th></tr><tr class="param stripe"><td>F name5</td><td>L name5</td><td>Jannatul5</td><td>6th Flour</td><td>  </td><td>New York</td><td>123456.0</td><td>123456.0</td></tr></table><p class="totop"><a href="#summary">back to summary</a></p>
<h3 id="m15">AllTests.SignedUpTest#validateToAllFields</h3><table class="result"><tr class="param"><th>Parameter #1</th><th>Parameter #2</th><th>Parameter #3</th><th>Parameter #4</th><th>Parameter #5</th><th>Parameter #6</th><th>Parameter #7</th><th>Parameter #8</th></tr><tr class="param stripe"><td>F name2</td><td>  </td><td>Jannatul2</td><td>3rd Flour</td><td>city2</td><td>New York</td><td>123456.0</td><td>123456.0</td></tr></table><p class="totop"><a href="#summary">back to summary</a></p>
<h3 id="m16">AllTests.SignedUpTest#validateToAllFields</h3><table class="result"><tr class="param"><th>Parameter #1</th><th>Parameter #2</th><th>Parameter #3</th><th>Parameter #4</th><th>Parameter #5</th><th>Parameter #6</th><th>Parameter #7</th><th>Parameter #8</th></tr><tr class="param stripe"><td>F name8</td><td>L name8</td><td>Jannatul8</td><td>9th Flour</td><td>city8</td><td>New York</td><td>12356</td><td>  </td></tr></table><p class="totop"><a href="#summary">back to summary</a></p>
<h3 id="m17">AllTests.SignedUpTest#validateToAllFields</h3><table class="result"><tr class="param"><th>Parameter #1</th><th>Parameter #2</th><th>Parameter #3</th><th>Parameter #4</th><th>Parameter #5</th><th>Parameter #6</th><th>Parameter #7</th><th>Parameter #8</th></tr><tr class="param stripe"><td>F name4</td><td>L name4</td><td>Jannatul4</td><td>  </td><td>city4</td><td>New York</td><td>123456.0</td><td>123456.0</td></tr></table><p class="totop"><a href="#summary">back to summary</a></p>
<h3 id="m18">AllTests.SignedUpTest#validateToAllFields</h3><table class="result"><tr class="param"><th>Parameter #1</th><th>Parameter #2</th><th>Parameter #3</th><th>Parameter #4</th><th>Parameter #5</th><th>Parameter #6</th><th>Parameter #7</th><th>Parameter #8</th></tr><tr class="param stripe"><td>F name7</td><td>L name7</td><td>Jannatul7</td><td>8th Flour</td><td>city7</td><td>New York</td><td>  </td><td>123456.0</td></tr></table><p class="totop"><a href="#summary">back to summary</a></p>
<h3 id="m19">AllTests.SignedUpTest#validateToAllFields</h3><table class="result"><tr class="param"><th>Parameter #1</th><th>Parameter #2</th><th>Parameter #3</th><th>Parameter #4</th><th>Parameter #5</th><th>Parameter #6</th><th>Parameter #7</th><th>Parameter #8</th></tr><tr class="param stripe"><td>F name3</td><td>L name3</td><td>  </td><td>4th Flour</td><td>city3</td><td>New York</td><td>123456.0</td><td>123456.0</td></tr></table><p class="totop"><a href="#summary">back to summary</a></p>
<h3 id="m20">AllTests.SignedUpTest#validateToAllFields</h3><table class="result"><tr class="param"><th>Parameter #1</th><th>Parameter #2</th><th>Parameter #3</th><th>Parameter #4</th><th>Parameter #5</th><th>Parameter #6</th><th>Parameter #7</th><th>Parameter #8</th></tr><tr class="param stripe"><td>F name6</td><td>L name6</td><td>Jannatul6</td><td>7th Flour</td><td>city6</td><td>None</td><td>123456.0</td><td>123456.0</td></tr></table><p class="totop"><a href="#summary">back to summary</a></p>
<h3 id="m21">AllTests.SignedUpTest#validateToAllFields</h3><table class="result"><tr class="param"><th>Parameter #1</th><th>Parameter #2</th><th>Parameter #3</th><th>Parameter #4</th><th>Parameter #5</th><th>Parameter #6</th><th>Parameter #7</th><th>Parameter #8</th></tr><tr class="param stripe"><td>jannatul</td><td>ferdousi</td><td>Jannatul9@</td><td>11th Flour</td><td>city10</td><td>New York</td><td>123456</td><td>123456</td></tr></table><p class="totop"><a href="#summary">back to summary</a></p>
<h3 id="m22">AllTests.SignedUpTest#validateToAllFields</h3><table class="result"><tr class="param"><th>Parameter #1</th><th>Parameter #2</th><th>Parameter #3</th><th>Parameter #4</th><th>Parameter #5</th><th>Parameter #6</th><th>Parameter #7</th><th>Parameter #8</th></tr><tr class="param stripe"><td>   </td><td>L name1</td><td>Jannatul1</td><td>2nd Flour</td><td>city1</td><td>New York</td><td>123456.0</td><td>123456.0</td></tr></table><p class="totop"><a href="#summary">back to summary</a></p>
</body>
</html>
